<?xml version="1.0" encoding="UTF-8"?>
<testsuite name="ar.com.bgr.serrano.service.test.ContactoServiceTest" tests="3" skipped="0" failures="0" errors="0" timestamp="2014-05-30T22:12:31" hostname="maxito-Inspiron-N5110" time="0.35">
  <properties/>
  <testcase name="testSave" classname="ar.com.bgr.serrano.service.test.ContactoServiceTest" time="0.306"/>
  <testcase name="testList" classname="ar.com.bgr.serrano.service.test.ContactoServiceTest" time="0.042"/>
  <testcase name="testRemove" classname="ar.com.bgr.serrano.service.test.ContactoServiceTest" time="0.0"/>
  <system-out><![CDATA[19:12:31.155 [Test worker] DEBUG org.hibernate.internal.SessionImpl - Opened session at timestamp: 14014879511
19:12:31.172 [Test worker] DEBUG o.h.e.t.spi.AbstractTransactionImpl - begin
19:12:31.173 [Test worker] DEBUG o.h.e.j.i.LogicalConnectionImpl - Obtaining JDBC connection
19:12:31.173 [Test worker] DEBUG o.h.e.j.i.LogicalConnectionImpl - Obtained JDBC connection
19:12:31.173 [Test worker] DEBUG o.h.e.t.i.jdbc.JdbcTransaction - initial autocommit status: true
19:12:31.173 [Test worker] DEBUG o.h.e.t.i.jdbc.JdbcTransaction - disabling autocommit
19:12:31.281 [Test worker] DEBUG o.h.e.i.AbstractSaveEventListener - Executing identity-insert immediately
19:12:31.303 [Test worker] DEBUG org.hibernate.SQL - insert into Contacto (blog, diaHoraContacto, fax, name, radio, telefonoMovil, webSite) values (?, ?, ?, ?, ?, ?, ?)
19:12:31.347 [Test worker] DEBUG o.h.id.IdentifierGeneratorHelper - Natively generated identity: 3
19:12:31.351 [Test worker] DEBUG o.h.e.t.spi.AbstractTransactionImpl - committing
19:12:31.352 [Test worker] DEBUG o.h.e.i.AbstractFlushingEventListener - Processing flush-time cascades
19:12:31.353 [Test worker] DEBUG o.h.e.i.AbstractFlushingEventListener - Dirty checking collections
19:12:31.355 [Test worker] DEBUG o.h.e.i.AbstractFlushingEventListener - Flushed: 0 insertions, 0 updates, 0 deletions to 1 objects
19:12:31.355 [Test worker] DEBUG o.h.e.i.AbstractFlushingEventListener - Flushed: 0 (re)creations, 0 updates, 0 removals to 0 collections
19:12:31.356 [Test worker] DEBUG o.h.internal.util.EntityPrinter - Listing entities:
19:12:31.356 [Test worker] DEBUG o.h.internal.util.EntityPrinter - ar.com.bgr.serrano.model.Contacto{id=3, fax=123456789, webSite=www.gooogle.com, diaHoraContacto=de lunes a viernes de 8 a 13, name=contacto1, radio=12346789, blog=google.com/blog, telefonoMovil=123456978654}
19:12:31.396 [Test worker] DEBUG o.h.e.t.i.jdbc.JdbcTransaction - committed JDBC Connection
19:12:31.396 [Test worker] DEBUG o.h.e.t.i.jdbc.JdbcTransaction - re-enabling autocommit
19:12:31.398 [Test worker] DEBUG o.h.e.j.i.LogicalConnectionImpl - Releasing JDBC connection
19:12:31.398 [Test worker] DEBUG o.h.e.j.i.LogicalConnectionImpl - Released JDBC connection
19:12:31.398 [Test worker] DEBUG o.h.e.j.i.p.ConnectionProxyHandler - HHH000163: Logical connection releasing its physical connection
19:12:31.398 [Test worker] DEBUG o.h.e.j.i.p.ConnectionProxyHandler - HHH000163: Logical connection releasing its physical connection
19:12:31.398 [Test worker] DEBUG o.h.e.j.i.p.ConnectionProxyHandler - HHH000163: Logical connection releasing its physical connection
19:12:31.399 [Test worker] DEBUG o.h.e.j.i.p.ConnectionProxyHandler - HHH000163: Logical connection releasing its physical connection
19:12:31.407 [Test worker] DEBUG org.hibernate.internal.SessionImpl - Opened session at timestamp: 14014879514
19:12:31.407 [Test worker] DEBUG o.h.e.t.spi.AbstractTransactionImpl - begin
19:12:31.408 [Test worker] DEBUG o.h.e.j.i.LogicalConnectionImpl - Obtaining JDBC connection
19:12:31.408 [Test worker] DEBUG o.h.e.j.i.LogicalConnectionImpl - Obtained JDBC connection
19:12:31.408 [Test worker] DEBUG o.h.e.t.i.jdbc.JdbcTransaction - initial autocommit status: true
19:12:31.409 [Test worker] DEBUG o.h.e.t.i.jdbc.JdbcTransaction - disabling autocommit
19:12:31.429 [Test worker] DEBUG org.hibernate.SQL - select this_.id as id1_0_, this_.blog as blog1_0_, this_.diaHoraContacto as diaHoraC3_1_0_, this_.fax as fax1_0_, this_.name as name1_0_, this_.radio as radio1_0_, this_.telefonoMovil as telefono7_1_0_, this_.webSite as webSite1_0_ from Contacto this_
19:12:31.431 [Test worker] DEBUG org.hibernate.loader.Loader - Result set row: 0
19:12:31.435 [Test worker] DEBUG org.hibernate.loader.Loader - Result row: EntityKey[ar.com.bgr.serrano.model.Contacto#1]
19:12:31.439 [Test worker] DEBUG org.hibernate.loader.Loader - Result set row: 1
19:12:31.439 [Test worker] DEBUG org.hibernate.loader.Loader - Result row: EntityKey[ar.com.bgr.serrano.model.Contacto#2]
19:12:31.440 [Test worker] DEBUG org.hibernate.loader.Loader - Result set row: 2
19:12:31.440 [Test worker] DEBUG org.hibernate.loader.Loader - Result row: EntityKey[ar.com.bgr.serrano.model.Contacto#3]
19:12:31.443 [Test worker] DEBUG o.h.engine.internal.TwoPhaseLoad - Resolving associations for [ar.com.bgr.serrano.model.Contacto#1]
19:12:31.443 [Test worker] DEBUG o.h.engine.internal.TwoPhaseLoad - Done materializing entity [ar.com.bgr.serrano.model.Contacto#1]
19:12:31.443 [Test worker] DEBUG o.h.engine.internal.TwoPhaseLoad - Resolving associations for [ar.com.bgr.serrano.model.Contacto#2]
19:12:31.443 [Test worker] DEBUG o.h.engine.internal.TwoPhaseLoad - Done materializing entity [ar.com.bgr.serrano.model.Contacto#2]
19:12:31.444 [Test worker] DEBUG o.h.engine.internal.TwoPhaseLoad - Resolving associations for [ar.com.bgr.serrano.model.Contacto#3]
19:12:31.444 [Test worker] DEBUG o.h.engine.internal.TwoPhaseLoad - Done materializing entity [ar.com.bgr.serrano.model.Contacto#3]
19:12:31.444 [Test worker] DEBUG o.h.e.i.StatefulPersistenceContext - Initializing non-lazy collections
19:12:31.444 [Test worker] DEBUG o.h.e.t.spi.AbstractTransactionImpl - committing
19:12:31.444 [Test worker] DEBUG o.h.e.i.AbstractFlushingEventListener - Processing flush-time cascades
19:12:31.444 [Test worker] DEBUG o.h.e.i.AbstractFlushingEventListener - Dirty checking collections
19:12:31.445 [Test worker] DEBUG o.h.e.i.AbstractFlushingEventListener - Flushed: 0 insertions, 0 updates, 0 deletions to 3 objects
19:12:31.445 [Test worker] DEBUG o.h.e.i.AbstractFlushingEventListener - Flushed: 0 (re)creations, 0 updates, 0 removals to 0 collections
19:12:31.445 [Test worker] DEBUG o.h.internal.util.EntityPrinter - Listing entities:
19:12:31.445 [Test worker] DEBUG o.h.internal.util.EntityPrinter - ar.com.bgr.serrano.model.Contacto{id=1, fax=123456789, webSite=www.gooogle.com, diaHoraContacto=de lunes a viernes de 8 a 13, name=contacto1, radio=12346789, blog=google.com/blog, telefonoMovil=123456978654}
19:12:31.445 [Test worker] DEBUG o.h.internal.util.EntityPrinter - ar.com.bgr.serrano.model.Contacto{id=2, fax=123456789, webSite=www.gooogle.com, diaHoraContacto=de lunes a viernes de 8 a 13, name=contacto1, radio=12346789, blog=google.com/blog, telefonoMovil=123456978654}
19:12:31.446 [Test worker] DEBUG o.h.internal.util.EntityPrinter - ar.com.bgr.serrano.model.Contacto{id=3, fax=123456789, webSite=www.gooogle.com, diaHoraContacto=de lunes a viernes de 8 a 13, name=contacto1, radio=12346789, blog=google.com/blog, telefonoMovil=123456978654}
19:12:31.446 [Test worker] DEBUG o.h.e.t.i.jdbc.JdbcTransaction - committed JDBC Connection
19:12:31.446 [Test worker] DEBUG o.h.e.t.i.jdbc.JdbcTransaction - re-enabling autocommit
19:12:31.447 [Test worker] DEBUG o.h.e.j.i.LogicalConnectionImpl - Releasing JDBC connection
19:12:31.447 [Test worker] DEBUG o.h.e.j.i.LogicalConnectionImpl - Released JDBC connection
19:12:31.447 [Test worker] DEBUG o.h.e.j.i.p.ConnectionProxyHandler - HHH000163: Logical connection releasing its physical connection
19:12:31.447 [Test worker] DEBUG o.h.e.j.i.p.ConnectionProxyHandler - HHH000163: Logical connection releasing its physical connection
19:12:31.447 [Test worker] DEBUG o.h.e.j.i.p.ConnectionProxyHandler - HHH000163: Logical connection releasing its physical connection
19:12:31.447 [Test worker] DEBUG o.h.e.j.i.p.ConnectionProxyHandler - HHH000163: Logical connection releasing its physical connection
[ar.com.bgr.serrano.model.Contacto@12b080b, ar.com.bgr.serrano.model.Contacto@556ae, ar.com.bgr.serrano.model.Contacto@24d24b]
]]></system-out>
  <system-err><![CDATA[]]></system-err>
</testsuite>
