<?xml version="1.0" encoding="UTF-8"?>
<testsuite name="ar.com.bgr.serrano.service.test.CalificativoServiceTest" tests="2" skipped="0" failures="0" errors="0" timestamp="2014-05-30T22:12:31" hostname="maxito-Inspiron-N5110" time="0.047">
  <properties/>
  <testcase name="testList" classname="ar.com.bgr.serrano.service.test.CalificativoServiceTest" time="0.046"/>
  <testcase name="testRemove" classname="ar.com.bgr.serrano.service.test.CalificativoServiceTest" time="0.001"/>
  <system-out><![CDATA[19:12:31.457 [Test worker] DEBUG org.hibernate.internal.SessionImpl - Opened session at timestamp: 14014879514
19:12:31.457 [Test worker] DEBUG o.h.e.t.spi.AbstractTransactionImpl - begin
19:12:31.457 [Test worker] DEBUG o.h.e.j.i.LogicalConnectionImpl - Obtaining JDBC connection
19:12:31.457 [Test worker] DEBUG o.h.e.j.i.LogicalConnectionImpl - Obtained JDBC connection
19:12:31.458 [Test worker] DEBUG o.h.e.t.i.jdbc.JdbcTransaction - initial autocommit status: true
19:12:31.458 [Test worker] DEBUG o.h.e.t.i.jdbc.JdbcTransaction - disabling autocommit
19:12:31.493 [Test worker] DEBUG org.hibernate.SQL - select this_.id as id0_0_, this_.name as name0_0_, this_.type as type0_0_ from Calificativo this_
19:12:31.494 [Test worker] DEBUG org.hibernate.loader.Loader - Result set row: 0
19:12:31.494 [Test worker] DEBUG org.hibernate.loader.Loader - Result row: EntityKey[ar.com.bgr.serrano.model.Calificativo#1]
19:12:31.495 [Test worker] DEBUG o.h.engine.internal.TwoPhaseLoad - Resolving associations for [ar.com.bgr.serrano.model.Calificativo#1]
19:12:31.495 [Test worker] DEBUG o.h.engine.internal.TwoPhaseLoad - Done materializing entity [ar.com.bgr.serrano.model.Calificativo#1]
19:12:31.495 [Test worker] DEBUG o.h.e.i.StatefulPersistenceContext - Initializing non-lazy collections
19:12:31.495 [Test worker] DEBUG o.h.e.t.spi.AbstractTransactionImpl - committing
19:12:31.495 [Test worker] DEBUG o.h.e.i.AbstractFlushingEventListener - Processing flush-time cascades
19:12:31.495 [Test worker] DEBUG o.h.e.i.AbstractFlushingEventListener - Dirty checking collections
19:12:31.495 [Test worker] DEBUG o.h.e.i.AbstractFlushingEventListener - Flushed: 0 insertions, 0 updates, 0 deletions to 1 objects
19:12:31.495 [Test worker] DEBUG o.h.e.i.AbstractFlushingEventListener - Flushed: 0 (re)creations, 0 updates, 0 removals to 0 collections
19:12:31.495 [Test worker] DEBUG o.h.internal.util.EntityPrinter - Listing entities:
19:12:31.496 [Test worker] DEBUG o.h.internal.util.EntityPrinter - ar.com.bgr.serrano.model.Calificativo{id=1, name=negocio grande, type=Proveedor}
19:12:31.496 [Test worker] DEBUG o.h.e.t.i.jdbc.JdbcTransaction - committed JDBC Connection
19:12:31.496 [Test worker] DEBUG o.h.e.t.i.jdbc.JdbcTransaction - re-enabling autocommit
19:12:31.496 [Test worker] DEBUG o.h.e.j.i.LogicalConnectionImpl - Releasing JDBC connection
19:12:31.497 [Test worker] DEBUG o.h.e.j.i.LogicalConnectionImpl - Released JDBC connection
19:12:31.497 [Test worker] DEBUG o.h.e.j.i.p.ConnectionProxyHandler - HHH000163: Logical connection releasing its physical connection
19:12:31.497 [Test worker] DEBUG o.h.e.j.i.p.ConnectionProxyHandler - HHH000163: Logical connection releasing its physical connection
19:12:31.497 [Test worker] DEBUG o.h.e.j.i.p.ConnectionProxyHandler - HHH000163: Logical connection releasing its physical connection
19:12:31.497 [Test worker] DEBUG o.h.e.j.i.p.ConnectionProxyHandler - HHH000163: Logical connection releasing its physical connection
[ar.com.bgr.serrano.model.Calificativo@26c4b8]
]]></system-out>
  <system-err><![CDATA[]]></system-err>
</testsuite>
