<?xml version="1.0" encoding="UTF-8"?>
<testsuite name="ar.com.bgr.serrano.dao.test.EtiquetaDaoTest" tests="1" skipped="0" failures="0" errors="0" timestamp="2014-05-30T22:12:27" hostname="maxito-Inspiron-N5110" time="4.02">
  <properties/>
  <testcase name="test" classname="ar.com.bgr.serrano.dao.test.EtiquetaDaoTest" time="4.02"/>
  <system-out><![CDATA[19:12:28.678 [Test worker] DEBUG org.jboss.logging - Logging Provider: org.jboss.logging.Slf4jLoggerProvider
19:12:28.716 [Test worker] DEBUG org.hibernate.type.BasicTypeRegistry - Adding type registration boolean -> org.hibernate.type.BooleanType@1eb9cc2
19:12:28.716 [Test worker] DEBUG org.hibernate.type.BasicTypeRegistry - Adding type registration boolean -> org.hibernate.type.BooleanType@1eb9cc2
19:12:28.716 [Test worker] DEBUG org.hibernate.type.BasicTypeRegistry - Adding type registration java.lang.Boolean -> org.hibernate.type.BooleanType@1eb9cc2
19:12:28.718 [Test worker] DEBUG org.hibernate.type.BasicTypeRegistry - Adding type registration numeric_boolean -> org.hibernate.type.NumericBooleanType@17e3c9e
19:12:28.720 [Test worker] DEBUG org.hibernate.type.BasicTypeRegistry - Adding type registration true_false -> org.hibernate.type.TrueFalseType@11a19a1
19:12:28.721 [Test worker] DEBUG org.hibernate.type.BasicTypeRegistry - Adding type registration yes_no -> org.hibernate.type.YesNoType@17c2d84
19:12:28.724 [Test worker] DEBUG org.hibernate.type.BasicTypeRegistry - Adding type registration byte -> org.hibernate.type.ByteType@1e2a06b
19:12:28.724 [Test worker] DEBUG org.hibernate.type.BasicTypeRegistry - Adding type registration byte -> org.hibernate.type.ByteType@1e2a06b
19:12:28.724 [Test worker] DEBUG org.hibernate.type.BasicTypeRegistry - Adding type registration java.lang.Byte -> org.hibernate.type.ByteType@1e2a06b
19:12:28.726 [Test worker] DEBUG org.hibernate.type.BasicTypeRegistry - Adding type registration character -> org.hibernate.type.CharacterType@b630d1
19:12:28.726 [Test worker] DEBUG org.hibernate.type.BasicTypeRegistry - Adding type registration char -> org.hibernate.type.CharacterType@b630d1
19:12:28.727 [Test worker] DEBUG org.hibernate.type.BasicTypeRegistry - Adding type registration java.lang.Character -> org.hibernate.type.CharacterType@b630d1
19:12:28.730 [Test worker] DEBUG org.hibernate.type.BasicTypeRegistry - Adding type registration short -> org.hibernate.type.ShortType@1507c5c
19:12:28.730 [Test worker] DEBUG org.hibernate.type.BasicTypeRegistry - Adding type registration short -> org.hibernate.type.ShortType@1507c5c
19:12:28.731 [Test worker] DEBUG org.hibernate.type.BasicTypeRegistry - Adding type registration java.lang.Short -> org.hibernate.type.ShortType@1507c5c
19:12:28.734 [Test worker] DEBUG org.hibernate.type.BasicTypeRegistry - Adding type registration integer -> org.hibernate.type.IntegerType@1adffb1
19:12:28.734 [Test worker] DEBUG org.hibernate.type.BasicTypeRegistry - Adding type registration int -> org.hibernate.type.IntegerType@1adffb1
19:12:28.734 [Test worker] DEBUG org.hibernate.type.BasicTypeRegistry - Adding type registration java.lang.Integer -> org.hibernate.type.IntegerType@1adffb1
19:12:28.738 [Test worker] DEBUG org.hibernate.type.BasicTypeRegistry - Adding type registration long -> org.hibernate.type.LongType@d29bef
19:12:28.738 [Test worker] DEBUG org.hibernate.type.BasicTypeRegistry - Adding type registration long -> org.hibernate.type.LongType@d29bef
19:12:28.738 [Test worker] DEBUG org.hibernate.type.BasicTypeRegistry - Adding type registration java.lang.Long -> org.hibernate.type.LongType@d29bef
19:12:28.741 [Test worker] DEBUG org.hibernate.type.BasicTypeRegistry - Adding type registration float -> org.hibernate.type.FloatType@4fe606
19:12:28.742 [Test worker] DEBUG org.hibernate.type.BasicTypeRegistry - Adding type registration float -> org.hibernate.type.FloatType@4fe606
19:12:28.742 [Test worker] DEBUG org.hibernate.type.BasicTypeRegistry - Adding type registration java.lang.Float -> org.hibernate.type.FloatType@4fe606
19:12:28.745 [Test worker] DEBUG org.hibernate.type.BasicTypeRegistry - Adding type registration double -> org.hibernate.type.DoubleType@146e2f4
19:12:28.745 [Test worker] DEBUG org.hibernate.type.BasicTypeRegistry - Adding type registration double -> org.hibernate.type.DoubleType@146e2f4
19:12:28.745 [Test worker] DEBUG org.hibernate.type.BasicTypeRegistry - Adding type registration java.lang.Double -> org.hibernate.type.DoubleType@146e2f4
19:12:28.758 [Test worker] DEBUG org.hibernate.type.BasicTypeRegistry - Adding type registration big_decimal -> org.hibernate.type.BigDecimalType@1f3eb32
19:12:28.759 [Test worker] DEBUG org.hibernate.type.BasicTypeRegistry - Adding type registration java.math.BigDecimal -> org.hibernate.type.BigDecimalType@1f3eb32
19:12:28.762 [Test worker] DEBUG org.hibernate.type.BasicTypeRegistry - Adding type registration big_integer -> org.hibernate.type.BigIntegerType@169b054
19:12:28.762 [Test worker] DEBUG org.hibernate.type.BasicTypeRegistry - Adding type registration java.math.BigInteger -> org.hibernate.type.BigIntegerType@169b054
19:12:28.764 [Test worker] DEBUG org.hibernate.type.BasicTypeRegistry - Adding type registration string -> org.hibernate.type.StringType@1d82ed7
19:12:28.765 [Test worker] DEBUG org.hibernate.type.BasicTypeRegistry - Adding type registration java.lang.String -> org.hibernate.type.StringType@1d82ed7
19:12:28.767 [Test worker] DEBUG org.hibernate.type.BasicTypeRegistry - Adding type registration url -> org.hibernate.type.UrlType@fefbec
19:12:28.767 [Test worker] DEBUG org.hibernate.type.BasicTypeRegistry - Adding type registration java.net.URL -> org.hibernate.type.UrlType@fefbec
19:12:28.771 [Test worker] DEBUG org.hibernate.type.BasicTypeRegistry - Adding type registration date -> org.hibernate.type.DateType@c2bff3
19:12:28.771 [Test worker] DEBUG org.hibernate.type.BasicTypeRegistry - Adding type registration java.sql.Date -> org.hibernate.type.DateType@c2bff3
19:12:28.775 [Test worker] DEBUG org.hibernate.type.BasicTypeRegistry - Adding type registration time -> org.hibernate.type.TimeType@73b5c
19:12:28.775 [Test worker] DEBUG org.hibernate.type.BasicTypeRegistry - Adding type registration java.sql.Time -> org.hibernate.type.TimeType@73b5c
19:12:28.778 [Test worker] DEBUG org.hibernate.type.BasicTypeRegistry - Adding type registration timestamp -> org.hibernate.type.TimestampType@13e7cb9
19:12:28.779 [Test worker] DEBUG org.hibernate.type.BasicTypeRegistry - Adding type registration java.sql.Timestamp -> org.hibernate.type.TimestampType@13e7cb9
19:12:28.779 [Test worker] DEBUG org.hibernate.type.BasicTypeRegistry - Adding type registration java.util.Date -> org.hibernate.type.TimestampType@13e7cb9
19:12:28.781 [Test worker] DEBUG org.hibernate.type.BasicTypeRegistry - Adding type registration dbtimestamp -> org.hibernate.type.DbTimestampType@f88ba0
19:12:28.783 [Test worker] DEBUG org.hibernate.type.BasicTypeRegistry - Adding type registration calendar -> org.hibernate.type.CalendarType@1796a5f
19:12:28.784 [Test worker] DEBUG org.hibernate.type.BasicTypeRegistry - Adding type registration java.util.Calendar -> org.hibernate.type.CalendarType@1796a5f
19:12:28.784 [Test worker] DEBUG org.hibernate.type.BasicTypeRegistry - Adding type registration java.util.GregorianCalendar -> org.hibernate.type.CalendarType@1796a5f
19:12:28.786 [Test worker] DEBUG org.hibernate.type.BasicTypeRegistry - Adding type registration calendar_date -> org.hibernate.type.CalendarDateType@19b80d6
19:12:28.788 [Test worker] DEBUG org.hibernate.type.BasicTypeRegistry - Adding type registration locale -> org.hibernate.type.LocaleType@1e64a8
19:12:28.788 [Test worker] DEBUG org.hibernate.type.BasicTypeRegistry - Adding type registration java.util.Locale -> org.hibernate.type.LocaleType@1e64a8
19:12:28.790 [Test worker] DEBUG org.hibernate.type.BasicTypeRegistry - Adding type registration currency -> org.hibernate.type.CurrencyType@1e02138
19:12:28.790 [Test worker] DEBUG org.hibernate.type.BasicTypeRegistry - Adding type registration java.util.Currency -> org.hibernate.type.CurrencyType@1e02138
19:12:28.792 [Test worker] DEBUG org.hibernate.type.BasicTypeRegistry - Adding type registration timezone -> org.hibernate.type.TimeZoneType@16ba47c
19:12:28.792 [Test worker] DEBUG org.hibernate.type.BasicTypeRegistry - Adding type registration java.util.TimeZone -> org.hibernate.type.TimeZoneType@16ba47c
19:12:28.794 [Test worker] DEBUG org.hibernate.type.BasicTypeRegistry - Adding type registration class -> org.hibernate.type.ClassType@aad63a
19:12:28.795 [Test worker] DEBUG org.hibernate.type.BasicTypeRegistry - Adding type registration java.lang.Class -> org.hibernate.type.ClassType@aad63a
19:12:28.798 [Test worker] DEBUG org.hibernate.type.BasicTypeRegistry - Adding type registration uuid-binary -> org.hibernate.type.UUIDBinaryType@fde2c1
19:12:28.798 [Test worker] DEBUG org.hibernate.type.BasicTypeRegistry - Adding type registration java.util.UUID -> org.hibernate.type.UUIDBinaryType@fde2c1
19:12:28.799 [Test worker] DEBUG org.hibernate.type.BasicTypeRegistry - Adding type registration uuid-char -> org.hibernate.type.UUIDCharType@17ab58a
19:12:28.801 [Test worker] DEBUG org.hibernate.type.BasicTypeRegistry - Adding type registration pg-uuid -> org.hibernate.type.PostgresUUIDType@14d1d68
19:12:28.803 [Test worker] DEBUG org.hibernate.type.BasicTypeRegistry - Adding type registration binary -> org.hibernate.type.BinaryType@7c489b
19:12:28.804 [Test worker] DEBUG org.hibernate.type.BasicTypeRegistry - Adding type registration byte[] -> org.hibernate.type.BinaryType@7c489b
19:12:28.804 [Test worker] DEBUG org.hibernate.type.BasicTypeRegistry - Adding type registration [B -> org.hibernate.type.BinaryType@7c489b
19:12:28.806 [Test worker] DEBUG org.hibernate.type.BasicTypeRegistry - Adding type registration wrapper-binary -> org.hibernate.type.WrapperBinaryType@bc0658
19:12:28.806 [Test worker] DEBUG org.hibernate.type.BasicTypeRegistry - Adding type registration Byte[] -> org.hibernate.type.WrapperBinaryType@bc0658
19:12:28.807 [Test worker] DEBUG org.hibernate.type.BasicTypeRegistry - Adding type registration [Ljava.lang.Byte; -> org.hibernate.type.WrapperBinaryType@bc0658
19:12:28.808 [Test worker] DEBUG org.hibernate.type.BasicTypeRegistry - Adding type registration image -> org.hibernate.type.ImageType@10e7ac9
19:12:28.810 [Test worker] DEBUG org.hibernate.type.BasicTypeRegistry - Adding type registration characters -> org.hibernate.type.CharArrayType@9ebdea
19:12:28.811 [Test worker] DEBUG org.hibernate.type.BasicTypeRegistry - Adding type registration char[] -> org.hibernate.type.CharArrayType@9ebdea
19:12:28.811 [Test worker] DEBUG org.hibernate.type.BasicTypeRegistry - Adding type registration [C -> org.hibernate.type.CharArrayType@9ebdea
19:12:28.813 [Test worker] DEBUG org.hibernate.type.BasicTypeRegistry - Adding type registration wrapper-characters -> org.hibernate.type.CharacterArrayType@51aec2
19:12:28.813 [Test worker] DEBUG org.hibernate.type.BasicTypeRegistry - Adding type registration [Ljava.lang.Character; -> org.hibernate.type.CharacterArrayType@51aec2
19:12:28.814 [Test worker] DEBUG org.hibernate.type.BasicTypeRegistry - Adding type registration Character[] -> org.hibernate.type.CharacterArrayType@51aec2
19:12:28.815 [Test worker] DEBUG org.hibernate.type.BasicTypeRegistry - Adding type registration text -> org.hibernate.type.TextType@1c7d5a8
19:12:28.823 [Test worker] DEBUG org.hibernate.type.BasicTypeRegistry - Adding type registration blob -> org.hibernate.type.BlobType@140561a
19:12:28.824 [Test worker] DEBUG org.hibernate.type.BasicTypeRegistry - Adding type registration java.sql.Blob -> org.hibernate.type.BlobType@140561a
19:12:28.825 [Test worker] DEBUG org.hibernate.type.BasicTypeRegistry - Adding type registration materialized_blob -> org.hibernate.type.MaterializedBlobType@80650d
19:12:28.831 [Test worker] DEBUG org.hibernate.type.BasicTypeRegistry - Adding type registration clob -> org.hibernate.type.ClobType@1627359
19:12:28.831 [Test worker] DEBUG org.hibernate.type.BasicTypeRegistry - Adding type registration java.sql.Clob -> org.hibernate.type.ClobType@1627359
19:12:28.832 [Test worker] DEBUG org.hibernate.type.BasicTypeRegistry - Adding type registration materialized_clob -> org.hibernate.type.MaterializedClobType@ed3bb2
19:12:28.834 [Test worker] DEBUG org.hibernate.type.BasicTypeRegistry - Adding type registration serializable -> org.hibernate.type.SerializableType@578681
19:12:28.840 [Test worker] DEBUG org.hibernate.type.BasicTypeRegistry - Adding type registration object -> org.hibernate.type.ObjectType@12349d8
19:12:28.840 [Test worker] DEBUG org.hibernate.type.BasicTypeRegistry - Adding type registration java.lang.Object -> org.hibernate.type.ObjectType@12349d8
19:12:28.841 [Test worker] DEBUG org.hibernate.type.BasicTypeRegistry - Adding type registration imm_date -> org.hibernate.type.AdaptedImmutableType@1369f0
19:12:28.841 [Test worker] DEBUG org.hibernate.type.BasicTypeRegistry - Adding type registration imm_time -> org.hibernate.type.AdaptedImmutableType@902853
19:12:28.841 [Test worker] DEBUG org.hibernate.type.BasicTypeRegistry - Adding type registration imm_timestamp -> org.hibernate.type.AdaptedImmutableType@476275
19:12:28.841 [Test worker] DEBUG org.hibernate.type.BasicTypeRegistry - Adding type registration imm_dbtimestamp -> org.hibernate.type.AdaptedImmutableType@91135e
19:12:28.842 [Test worker] DEBUG org.hibernate.type.BasicTypeRegistry - Adding type registration imm_calendar -> org.hibernate.type.AdaptedImmutableType@8ebe28
19:12:28.842 [Test worker] DEBUG org.hibernate.type.BasicTypeRegistry - Adding type registration imm_calendar_date -> org.hibernate.type.AdaptedImmutableType@16673fa
19:12:28.842 [Test worker] DEBUG org.hibernate.type.BasicTypeRegistry - Adding type registration imm_binary -> org.hibernate.type.AdaptedImmutableType@148636e
19:12:28.842 [Test worker] DEBUG org.hibernate.type.BasicTypeRegistry - Adding type registration imm_serializable -> org.hibernate.type.AdaptedImmutableType@177dacd
19:12:28.877 [Test worker] INFO  o.h.annotations.common.Version - HCANN000001: Hibernate Commons Annotations {4.0.1.Final}
19:12:28.886 [Test worker] INFO  org.hibernate.Version - HHH000412: Hibernate Core {4.0.1.Final}
19:12:28.888 [Test worker] INFO  org.hibernate.cfg.Environment - HHH000206: hibernate.properties not found
19:12:28.891 [Test worker] INFO  org.hibernate.cfg.Environment - HHH000021: Bytecode provider name : javassist
19:12:28.914 [Test worker] DEBUG o.h.i.f.i.DefaultIdentifierGeneratorFactory - Registering IdentifierGenerator strategy [uuid2] -> [org.hibernate.id.UUIDGenerator]
19:12:28.915 [Test worker] DEBUG o.h.i.f.i.DefaultIdentifierGeneratorFactory - Registering IdentifierGenerator strategy [guid] -> [org.hibernate.id.GUIDGenerator]
19:12:28.916 [Test worker] DEBUG o.h.i.f.i.DefaultIdentifierGeneratorFactory - Registering IdentifierGenerator strategy [uuid] -> [org.hibernate.id.UUIDHexGenerator]
19:12:28.916 [Test worker] DEBUG o.h.i.f.i.DefaultIdentifierGeneratorFactory - Registering IdentifierGenerator strategy [uuid.hex] -> [org.hibernate.id.UUIDHexGenerator]
19:12:28.918 [Test worker] DEBUG o.h.i.f.i.DefaultIdentifierGeneratorFactory - Registering IdentifierGenerator strategy [hilo] -> [org.hibernate.id.TableHiLoGenerator]
19:12:28.919 [Test worker] DEBUG o.h.i.f.i.DefaultIdentifierGeneratorFactory - Registering IdentifierGenerator strategy [assigned] -> [org.hibernate.id.Assigned]
19:12:28.920 [Test worker] DEBUG o.h.i.f.i.DefaultIdentifierGeneratorFactory - Registering IdentifierGenerator strategy [identity] -> [org.hibernate.id.IdentityGenerator]
19:12:28.921 [Test worker] DEBUG o.h.i.f.i.DefaultIdentifierGeneratorFactory - Registering IdentifierGenerator strategy [select] -> [org.hibernate.id.SelectGenerator]
19:12:28.922 [Test worker] DEBUG o.h.i.f.i.DefaultIdentifierGeneratorFactory - Registering IdentifierGenerator strategy [sequence] -> [org.hibernate.id.SequenceGenerator]
19:12:28.923 [Test worker] DEBUG o.h.i.f.i.DefaultIdentifierGeneratorFactory - Registering IdentifierGenerator strategy [seqhilo] -> [org.hibernate.id.SequenceHiLoGenerator]
19:12:28.924 [Test worker] DEBUG o.h.i.f.i.DefaultIdentifierGeneratorFactory - Registering IdentifierGenerator strategy [increment] -> [org.hibernate.id.IncrementGenerator]
19:12:28.925 [Test worker] DEBUG o.h.i.f.i.DefaultIdentifierGeneratorFactory - Registering IdentifierGenerator strategy [foreign] -> [org.hibernate.id.ForeignGenerator]
19:12:28.926 [Test worker] DEBUG o.h.i.f.i.DefaultIdentifierGeneratorFactory - Registering IdentifierGenerator strategy [sequence-identity] -> [org.hibernate.id.SequenceIdentityGenerator]
19:12:28.928 [Test worker] DEBUG o.h.i.f.i.DefaultIdentifierGeneratorFactory - Registering IdentifierGenerator strategy [enhanced-sequence] -> [org.hibernate.id.enhanced.SequenceStyleGenerator]
19:12:28.929 [Test worker] DEBUG o.h.i.f.i.DefaultIdentifierGeneratorFactory - Registering IdentifierGenerator strategy [enhanced-table] -> [org.hibernate.id.enhanced.TableGenerator]
19:12:28.954 [Test worker] DEBUG o.h.i.internal.IntegratorServiceImpl - Adding Integrator [org.hibernate.cfg.beanvalidation.BeanValidationIntegrator].
19:12:28.988 [Test worker] DEBUG org.hibernate.cfg.Configuration - Preparing to build session factory with filters : {}
19:12:29.055 [Test worker] DEBUG org.hibernate.cfg.Configuration - Processing hbm.xml files
19:12:29.056 [Test worker] DEBUG org.hibernate.cfg.Configuration - Process annotated classes
19:12:29.064 [Test worker] DEBUG org.hibernate.cfg.AnnotationBinder - Binding entity from annotated class: ar.com.bgr.serrano.model.Calificativo
19:12:29.109 [Test worker] DEBUG org.hibernate.cfg.Ejb3Column - Binding column: Ejb3DiscriminatorColumn{logicalColumnName'DTYPE', discriminatorTypeName='string'}
19:12:29.112 [Test worker] DEBUG org.hibernate.cfg.AnnotationBinder - No value specified for 'javax.persistence.sharedCache.mode'; using UNSPECIFIED
19:12:29.121 [Test worker] DEBUG o.h.cfg.annotations.EntityBinder - Import with entity name Calificativo
19:12:29.125 [Test worker] DEBUG o.h.cfg.annotations.EntityBinder - Bind entity ar.com.bgr.serrano.model.Calificativo on table Calificativo
19:12:29.165 [Test worker] DEBUG org.hibernate.cfg.Ejb3Column - Binding column: Ejb3Column{table=org.hibernate.mapping.Table(Calificativo), mappingColumn=id, insertable=true, updatable=true, unique=false}
19:12:29.171 [Test worker] DEBUG o.h.cfg.annotations.PropertyBinder - MetadataSourceProcessor property id with lazy=false
19:12:29.175 [Test worker] DEBUG o.h.c.annotations.SimpleValueBinder - building SimpleValue for id
19:12:29.178 [Test worker] DEBUG o.h.cfg.annotations.PropertyBinder - Building property id
19:12:29.182 [Test worker] DEBUG org.hibernate.cfg.Ejb3Column - Binding column: Ejb3Column{table=org.hibernate.mapping.Table(Calificativo), mappingColumn=name, insertable=true, updatable=true, unique=false}
19:12:29.182 [Test worker] DEBUG o.h.cfg.annotations.PropertyBinder - MetadataSourceProcessor property name with lazy=false
19:12:29.182 [Test worker] DEBUG o.h.c.annotations.SimpleValueBinder - building SimpleValue for name
19:12:29.183 [Test worker] DEBUG o.h.cfg.annotations.PropertyBinder - Building property name
19:12:29.183 [Test worker] DEBUG org.hibernate.cfg.Ejb3Column - Binding column: Ejb3Column{table=org.hibernate.mapping.Table(Calificativo), mappingColumn=type, insertable=true, updatable=true, unique=false}
19:12:29.183 [Test worker] DEBUG o.h.cfg.annotations.PropertyBinder - MetadataSourceProcessor property type with lazy=false
19:12:29.183 [Test worker] DEBUG o.h.c.annotations.SimpleValueBinder - building SimpleValue for type
19:12:29.183 [Test worker] DEBUG o.h.cfg.annotations.PropertyBinder - Building property type
19:12:29.186 [Test worker] DEBUG org.hibernate.cfg.AnnotationBinder - Binding entity from annotated class: ar.com.bgr.serrano.model.Contacto
19:12:29.187 [Test worker] DEBUG org.hibernate.cfg.Ejb3Column - Binding column: Ejb3DiscriminatorColumn{logicalColumnName'DTYPE', discriminatorTypeName='string'}
19:12:29.187 [Test worker] DEBUG org.hibernate.cfg.AnnotationBinder - No value specified for 'javax.persistence.sharedCache.mode'; using UNSPECIFIED
19:12:29.187 [Test worker] DEBUG o.h.cfg.annotations.EntityBinder - Import with entity name Contacto
19:12:29.187 [Test worker] DEBUG o.h.cfg.annotations.EntityBinder - Bind entity ar.com.bgr.serrano.model.Contacto on table Contacto
19:12:29.190 [Test worker] DEBUG org.hibernate.cfg.Ejb3Column - Binding column: Ejb3Column{table=org.hibernate.mapping.Table(Contacto), mappingColumn=id, insertable=true, updatable=true, unique=false}
19:12:29.190 [Test worker] DEBUG o.h.cfg.annotations.PropertyBinder - MetadataSourceProcessor property id with lazy=false
19:12:29.190 [Test worker] DEBUG o.h.c.annotations.SimpleValueBinder - building SimpleValue for id
19:12:29.190 [Test worker] DEBUG o.h.cfg.annotations.PropertyBinder - Building property id
19:12:29.191 [Test worker] DEBUG org.hibernate.cfg.Ejb3Column - Binding column: Ejb3Column{table=org.hibernate.mapping.Table(Contacto), mappingColumn=blog, insertable=true, updatable=true, unique=false}
19:12:29.191 [Test worker] DEBUG o.h.cfg.annotations.PropertyBinder - MetadataSourceProcessor property blog with lazy=false
19:12:29.192 [Test worker] DEBUG o.h.c.annotations.SimpleValueBinder - building SimpleValue for blog
19:12:29.192 [Test worker] DEBUG o.h.cfg.annotations.PropertyBinder - Building property blog
19:12:29.192 [Test worker] DEBUG org.hibernate.cfg.Ejb3Column - Binding column: Ejb3Column{table=org.hibernate.mapping.Table(Contacto), mappingColumn=diaHoraContacto, insertable=true, updatable=true, unique=false}
19:12:29.192 [Test worker] DEBUG o.h.cfg.annotations.PropertyBinder - MetadataSourceProcessor property diaHoraContacto with lazy=false
19:12:29.193 [Test worker] DEBUG o.h.c.annotations.SimpleValueBinder - building SimpleValue for diaHoraContacto
19:12:29.193 [Test worker] DEBUG o.h.cfg.annotations.PropertyBinder - Building property diaHoraContacto
19:12:29.193 [Test worker] DEBUG org.hibernate.cfg.Ejb3Column - Binding column: Ejb3Column{table=org.hibernate.mapping.Table(Contacto), mappingColumn=fax, insertable=true, updatable=true, unique=false}
19:12:29.194 [Test worker] DEBUG o.h.cfg.annotations.PropertyBinder - MetadataSourceProcessor property fax with lazy=false
19:12:29.194 [Test worker] DEBUG o.h.c.annotations.SimpleValueBinder - building SimpleValue for fax
19:12:29.194 [Test worker] DEBUG o.h.cfg.annotations.PropertyBinder - Building property fax
19:12:29.194 [Test worker] DEBUG org.hibernate.cfg.Ejb3Column - Binding column: Ejb3Column{table=org.hibernate.mapping.Table(Contacto), mappingColumn=name, insertable=true, updatable=true, unique=false}
19:12:29.195 [Test worker] DEBUG o.h.cfg.annotations.PropertyBinder - MetadataSourceProcessor property name with lazy=false
19:12:29.195 [Test worker] DEBUG o.h.c.annotations.SimpleValueBinder - building SimpleValue for name
19:12:29.195 [Test worker] DEBUG o.h.cfg.annotations.PropertyBinder - Building property name
19:12:29.196 [Test worker] DEBUG org.hibernate.cfg.Ejb3Column - Binding column: Ejb3Column{table=org.hibernate.mapping.Table(Contacto), mappingColumn=radio, insertable=true, updatable=true, unique=false}
19:12:29.196 [Test worker] DEBUG o.h.cfg.annotations.PropertyBinder - MetadataSourceProcessor property radio with lazy=false
19:12:29.196 [Test worker] DEBUG o.h.c.annotations.SimpleValueBinder - building SimpleValue for radio
19:12:29.196 [Test worker] DEBUG o.h.cfg.annotations.PropertyBinder - Building property radio
19:12:29.197 [Test worker] DEBUG org.hibernate.cfg.Ejb3Column - Binding column: Ejb3Column{table=org.hibernate.mapping.Table(Contacto), mappingColumn=telefonoMovil, insertable=true, updatable=true, unique=false}
19:12:29.197 [Test worker] DEBUG o.h.cfg.annotations.PropertyBinder - MetadataSourceProcessor property telefonoMovil with lazy=false
19:12:29.197 [Test worker] DEBUG o.h.c.annotations.SimpleValueBinder - building SimpleValue for telefonoMovil
19:12:29.197 [Test worker] DEBUG o.h.cfg.annotations.PropertyBinder - Building property telefonoMovil
19:12:29.198 [Test worker] DEBUG org.hibernate.cfg.Ejb3Column - Binding column: Ejb3Column{table=org.hibernate.mapping.Table(Contacto), mappingColumn=webSite, insertable=true, updatable=true, unique=false}
19:12:29.198 [Test worker] DEBUG o.h.cfg.annotations.PropertyBinder - MetadataSourceProcessor property webSite with lazy=false
19:12:29.198 [Test worker] DEBUG o.h.c.annotations.SimpleValueBinder - building SimpleValue for webSite
19:12:29.198 [Test worker] DEBUG o.h.cfg.annotations.PropertyBinder - Building property webSite
19:12:29.199 [Test worker] DEBUG org.hibernate.cfg.AnnotationBinder - Binding entity from annotated class: ar.com.bgr.serrano.model.Etiqueta
19:12:29.199 [Test worker] DEBUG org.hibernate.cfg.Ejb3Column - Binding column: Ejb3DiscriminatorColumn{logicalColumnName'DTYPE', discriminatorTypeName='string'}
19:12:29.199 [Test worker] DEBUG org.hibernate.cfg.AnnotationBinder - No value specified for 'javax.persistence.sharedCache.mode'; using UNSPECIFIED
19:12:29.199 [Test worker] DEBUG o.h.cfg.annotations.EntityBinder - Import with entity name Etiqueta
19:12:29.200 [Test worker] DEBUG o.h.cfg.annotations.EntityBinder - Bind entity ar.com.bgr.serrano.model.Etiqueta on table Etiqueta
19:12:29.201 [Test worker] DEBUG org.hibernate.cfg.Ejb3Column - Binding column: Ejb3Column{table=org.hibernate.mapping.Table(Etiqueta), mappingColumn=id, insertable=true, updatable=true, unique=false}
19:12:29.202 [Test worker] DEBUG o.h.cfg.annotations.PropertyBinder - MetadataSourceProcessor property id with lazy=false
19:12:29.202 [Test worker] DEBUG o.h.c.annotations.SimpleValueBinder - building SimpleValue for id
19:12:29.202 [Test worker] DEBUG o.h.cfg.annotations.PropertyBinder - Building property id
19:12:29.203 [Test worker] DEBUG org.hibernate.cfg.Ejb3Column - Binding column: Ejb3Column{table=org.hibernate.mapping.Table(Etiqueta), mappingColumn=name, insertable=true, updatable=true, unique=false}
19:12:29.203 [Test worker] DEBUG o.h.cfg.annotations.PropertyBinder - MetadataSourceProcessor property name with lazy=false
19:12:29.203 [Test worker] DEBUG o.h.c.annotations.SimpleValueBinder - building SimpleValue for name
19:12:29.203 [Test worker] DEBUG o.h.cfg.annotations.PropertyBinder - Building property name
19:12:29.204 [Test worker] DEBUG o.h.c.annotations.SimpleValueBinder - Setting SimpleValue typeName for id
19:12:29.205 [Test worker] DEBUG o.h.c.annotations.SimpleValueBinder - Setting SimpleValue typeName for name
19:12:29.205 [Test worker] DEBUG o.h.c.annotations.SimpleValueBinder - Setting SimpleValue typeName for type
19:12:29.205 [Test worker] DEBUG o.h.c.annotations.SimpleValueBinder - Setting SimpleValue typeName for id
19:12:29.205 [Test worker] DEBUG o.h.c.annotations.SimpleValueBinder - Setting SimpleValue typeName for blog
19:12:29.205 [Test worker] DEBUG o.h.c.annotations.SimpleValueBinder - Setting SimpleValue typeName for diaHoraContacto
19:12:29.205 [Test worker] DEBUG o.h.c.annotations.SimpleValueBinder - Setting SimpleValue typeName for fax
19:12:29.206 [Test worker] DEBUG o.h.c.annotations.SimpleValueBinder - Setting SimpleValue typeName for name
19:12:29.206 [Test worker] DEBUG o.h.c.annotations.SimpleValueBinder - Setting SimpleValue typeName for radio
19:12:29.206 [Test worker] DEBUG o.h.c.annotations.SimpleValueBinder - Setting SimpleValue typeName for telefonoMovil
19:12:29.206 [Test worker] DEBUG o.h.c.annotations.SimpleValueBinder - Setting SimpleValue typeName for webSite
19:12:29.206 [Test worker] DEBUG o.h.c.annotations.SimpleValueBinder - Setting SimpleValue typeName for id
19:12:29.206 [Test worker] DEBUG o.h.c.annotations.SimpleValueBinder - Setting SimpleValue typeName for name
19:12:29.208 [Test worker] DEBUG org.hibernate.cfg.Configuration - Processing fk mappings (*ToOne and JoinedSubclass)
19:12:29.210 [Test worker] DEBUG org.hibernate.cfg.Configuration - Processing extends queue
19:12:29.210 [Test worker] DEBUG org.hibernate.cfg.Configuration - Processing extends queue
19:12:29.210 [Test worker] DEBUG org.hibernate.cfg.Configuration - Processing collection mappings
19:12:29.211 [Test worker] DEBUG org.hibernate.cfg.Configuration - Processing native query and ResultSetMapping mappings
19:12:29.211 [Test worker] DEBUG org.hibernate.cfg.Configuration - Processing association property references
19:12:29.211 [Test worker] DEBUG org.hibernate.cfg.Configuration - Processing foreign key constraints
19:12:29.640 [Test worker] DEBUG o.h.e.jdbc.internal.JdbcServicesImpl - Database ->
       name : MySQL
    version : 5.5.37-0ubuntu0.14.04.1
      major : 5
      minor : 5
19:12:29.640 [Test worker] DEBUG o.h.e.jdbc.internal.JdbcServicesImpl - Driver ->
       name : MySQL-AB JDBC Driver
    version : mysql-connector-java-5.1.10 ( Revision: ${svn.Revision} )
      major : 5
      minor : 1
19:12:29.641 [Test worker] DEBUG o.h.e.jdbc.internal.JdbcServicesImpl - JDBC version : 3.0
19:12:29.665 [Test worker] INFO  org.hibernate.dialect.Dialect - HHH000400: Using dialect: org.hibernate.dialect.MySQL5Dialect
19:12:29.676 [Test worker] INFO  o.h.e.j.internal.LobCreatorBuilder - HHH000423: Disabling contextual LOB creation as JDBC driver reported JDBC version [3] less than 4
19:12:29.690 [Test worker] DEBUG org.hibernate.cfg.SettingsFactory - Automatic flush during beforeCompletion(): disabled
19:12:29.690 [Test worker] DEBUG org.hibernate.cfg.SettingsFactory - Automatic session close at end of transaction: disabled
19:12:29.690 [Test worker] DEBUG org.hibernate.cfg.SettingsFactory - JDBC batch size: 15
19:12:29.690 [Test worker] DEBUG org.hibernate.cfg.SettingsFactory - JDBC batch updates for versioned data: disabled
19:12:29.690 [Test worker] DEBUG org.hibernate.cfg.SettingsFactory - Scrollable result sets: enabled
19:12:29.690 [Test worker] DEBUG org.hibernate.cfg.SettingsFactory - Wrap result sets: disabled
19:12:29.690 [Test worker] DEBUG org.hibernate.cfg.SettingsFactory - JDBC3 getGeneratedKeys(): enabled
19:12:29.691 [Test worker] DEBUG org.hibernate.cfg.SettingsFactory - Connection release mode: auto
19:12:29.691 [Test worker] INFO  o.h.e.t.i.TransactionFactoryInitiator - HHH000399: Using default transaction strategy (direct JDBC transactions)
19:12:29.695 [Test worker] DEBUG org.hibernate.cfg.SettingsFactory - Maximum outer join fetch depth: 2
19:12:29.696 [Test worker] DEBUG org.hibernate.cfg.SettingsFactory - Default batch fetch size: 1
19:12:29.696 [Test worker] DEBUG org.hibernate.cfg.SettingsFactory - Generate SQL with comments: disabled
19:12:29.696 [Test worker] DEBUG org.hibernate.cfg.SettingsFactory - Order SQL updates by primary key: disabled
19:12:29.696 [Test worker] DEBUG org.hibernate.cfg.SettingsFactory - Order SQL inserts for batching: disabled
19:12:29.696 [Test worker] DEBUG org.hibernate.cfg.SettingsFactory - Query translator: org.hibernate.hql.internal.ast.ASTQueryTranslatorFactory
19:12:29.698 [Test worker] INFO  o.h.h.i.a.ASTQueryTranslatorFactory - HHH000397: Using ASTQueryTranslatorFactory
19:12:29.699 [Test worker] DEBUG org.hibernate.cfg.SettingsFactory - Query language substitutions: {}
19:12:29.699 [Test worker] DEBUG org.hibernate.cfg.SettingsFactory - JPA-QL strict compliance: disabled
19:12:29.699 [Test worker] DEBUG org.hibernate.cfg.SettingsFactory - Second-level cache: enabled
19:12:29.699 [Test worker] DEBUG org.hibernate.cfg.SettingsFactory - Query cache: disabled
19:12:29.699 [Test worker] DEBUG org.hibernate.cfg.SettingsFactory - Cache region factory : org.hibernate.cache.internal.NoCachingRegionFactory
19:12:29.700 [Test worker] DEBUG org.hibernate.cfg.SettingsFactory - org.hibernate.cache.internal.NoCachingRegionFactory did not provide constructor accepting java.util.Properties; attempting no-arg constructor.
19:12:29.700 [Test worker] DEBUG org.hibernate.cfg.SettingsFactory - Optimize cache for minimal puts: disabled
19:12:29.701 [Test worker] DEBUG org.hibernate.cfg.SettingsFactory - Structured second-level cache entries: disabled
19:12:29.701 [Test worker] DEBUG org.hibernate.cfg.SettingsFactory - Statistics: disabled
19:12:29.701 [Test worker] DEBUG org.hibernate.cfg.SettingsFactory - Deleted entity synthetic identifier rollback: disabled
19:12:29.701 [Test worker] DEBUG org.hibernate.cfg.SettingsFactory - Default entity-mode: pojo
19:12:29.701 [Test worker] DEBUG org.hibernate.cfg.SettingsFactory - Named query checking : enabled
19:12:29.701 [Test worker] DEBUG org.hibernate.cfg.SettingsFactory - Check Nullability in Core (should be disabled when Bean Validation is on): enabled
19:12:29.701 [Test worker] DEBUG org.hibernate.cfg.SettingsFactory - multi-tenancy strategy : NONE
19:12:29.715 [Test worker] DEBUG o.h.internal.SessionFactoryImpl - Building session factory
19:12:29.724 [Test worker] DEBUG o.h.internal.SessionFactoryImpl - Session factory constructed with filter configurations : {}
19:12:29.724 [Test worker] DEBUG o.h.internal.SessionFactoryImpl - Instantiating session factory with properties: {java.runtime.name=Java(TM) SE Runtime Environment, sun.boot.library.path=/home/maxito/jdk1.7.0_55/jre/lib/i386, java.vm.version=24.55-b03, java.vm.vendor=Oracle Corporation, java.vendor.url=http://java.oracle.com/, path.separator=:, java.vm.name=Java HotSpot(TM) Server VM, file.encoding.pkg=sun.io, user.country=US, sun.java.launcher=SUN_STANDARD, sun.os.patch.level=unknown, java.vm.specification.name=Java Virtual Machine Specification, user.dir=/home/maxito/workspaceJava/BGR/BGRSerranoREST, java.runtime.version=1.7.0_55-b13, java.awt.graphicsenv=sun.awt.X11GraphicsEnvironment, hibernate.current_session_context_class=org.springframework.orm.hibernate4.SpringSessionContext, java.endorsed.dirs=/home/maxito/jdk1.7.0_55/jre/lib/endorsed, os.arch=i386, java.io.tmpdir=/tmp, line.separator=
, java.vm.specification.vendor=Oracle Corporation, os.name=Linux, sun.jnu.encoding=UTF-8, java.library.path=/home/maxito/jdk1.7.0_55/jre/lib/i386/server:/home/maxito/jdk1.7.0_55/jre/lib/i386:/home/maxito/jdk1.7.0_55/jre/../lib/i386:/home/maxito/jdk1.7.0_55/jre/lib/i386/client:/home/maxito/jdk1.7.0_55/jre/lib/i386::/usr/java/packages/lib/i386:/lib:/usr/lib, hibernate.connection.datasource=org.apache.commons.dbcp.BasicDataSource@193720d, java.specification.name=Java Platform API Specification, java.class.version=51.0, sun.management.compiler=HotSpot Tiered Compilers, os.version=3.13.0-24-generic, user.home=/home/maxito, user.timezone=America/Argentina/Buenos_Aires, java.awt.printerjob=sun.print.PSPrinterJob, file.encoding=UTF-8, java.specification.version=1.7, java.class.path=/home/maxito/workspaceJava/BGR/BGRSerranoREST/build/classes/test:/home/maxito/workspaceJava/BGR/BGRSerranoREST/build/resources/test:/home/maxito/workspaceJava/BGR/BGRSerranoREST/build/classes/main:/home/maxito/workspaceJava/BGR/BGRSerranoREST/build/resources/main:/home/maxito/.gradle/caches/modules-2/files-2.1/ch.qos.logback/logback-classic/1.0.7/7c56c1e6000fa1c2e71b88b09435d9a5710b8d66/logback-classic-1.0.7.jar:/home/maxito/.gradle/caches/modules-2/files-2.1/ch.qos.logback/logback-core/1.0.7/df9279b212f62a7bb96e645e643eb5c4b675ee64/logback-core-1.0.7.jar:/home/maxito/.gradle/caches/modules-2/files-2.1/org.codehaus.jackson/jackson-mapper-asl/1.9.2/95400a7922ce75383866eb72f6ef4a7897923945/jackson-mapper-asl-1.9.2.jar:/home/maxito/.gradle/caches/modules-2/files-2.1/org.springframework/spring-web/3.2.4.RELEASE/8daf0bd1172cb253d93611adadfa0462935d760d/spring-web-3.2.4.RELEASE.jar:/home/maxito/.gradle/caches/modules-2/files-2.1/org.springframework/spring-webmvc/3.2.4.RELEASE/99c0303b36c421b3c43dfc2ae55e46fc81dbaefc/spring-webmvc-3.2.4.RELEASE.jar:/home/maxito/.gradle/caches/modules-2/files-2.1/org.springframework/spring-core/3.2.4.RELEASE/d36bed1dbca3f725bb5a4405c6115adc8c99d1a9/spring-core-3.2.4.RELEASE.jar:/home/maxito/.gradle/caches/modules-2/files-2.1/org.springframework/spring-test/3.2.4.RELEASE/a3d08624ed6e54c2492ca866f7423215c45b4dd0/spring-test-3.2.4.RELEASE.jar:/home/maxito/.gradle/caches/modules-2/files-2.1/org.springframework/spring-orm/3.2.4.RELEASE/acaf0ce231bbb0de687d3ba6a9a495167b9cea98/spring-orm-3.2.4.RELEASE.jar:/home/maxito/.gradle/caches/modules-2/files-2.1/org.hibernate/hibernate-core/4.0.1.Final/9e1b7e06d8148394632bcaeb7a5f68748c69dce4/hibernate-core-4.0.1.Final.jar:/home/maxito/.gradle/caches/modules-2/files-2.1/org.hibernate/hibernate-entitymanager/4.0.1.Final/c582284b9faaa35f92462181541c5f2d4ca9eb38/hibernate-entitymanager-4.0.1.Final.jar:/home/maxito/.gradle/caches/modules-2/files-2.1/commons-dbcp/commons-dbcp/1.4/30be73c965cc990b153a100aaaaafcf239f82d39/commons-dbcp-1.4.jar:/home/maxito/.gradle/caches/modules-2/files-2.1/mysql/mysql-connector-java/5.1.10/b83574124f1a00d6f70d56ba64aa52b8e1588e6d/mysql-connector-java-5.1.10.jar:/home/maxito/.gradle/caches/modules-2/files-2.1/org.freemarker/freemarker/2.3.20/5ad6bea46b5af666d88c260c8acc6a03408723c8/freemarker-2.3.20.jar:/home/maxito/.gradle/caches/modules-2/files-2.1/javax.servlet/servlet-api/2.5/5959582d97d8b61f4d154ca9e495aafd16726e34/servlet-api-2.5.jar:/home/maxito/.gradle/caches/modules-2/files-2.1/junit/junit/4.8.2/c94f54227b08100974c36170dcb53329435fe5ad/junit-4.8.2.jar:/home/maxito/.gradle/caches/modules-2/files-2.1/org.mockito/mockito-all/1.8.4/5c97d8b6e715ed941aeb93d6fc401ab3eb18a566/mockito-all-1.8.4.jar:/home/maxito/.gradle/caches/modules-2/files-2.1/org.slf4j/slf4j-api/1.6.6/ce53b0a0e2cfbb27e8a59d38f79a18a5c6a8d2b0/slf4j-api-1.6.6.jar:/home/maxito/.gradle/caches/modules-2/files-2.1/org.codehaus.jackson/jackson-core-asl/1.9.2/8493982bba1727106d767034bd0d8e77bc1931a9/jackson-core-asl-1.9.2.jar:/home/maxito/.gradle/caches/modules-2/files-2.1/aopalliance/aopalliance/1.0/235ba8b489512805ac13a8f9ea77a1ca5ebe3e8/aopalliance-1.0.jar:/home/maxito/.gradle/caches/modules-2/files-2.1/org.springframework/spring-aop/3.2.4.RELEASE/773389e56c871ab558b87629b3e7c73fc4bf0ec/spring-aop-3.2.4.RELEASE.jar:/home/maxito/.gradle/caches/modules-2/files-2.1/org.springframework/spring-beans/3.2.4.RELEASE/47b156296a5e9875faa7421b6e25b419a530f52d/spring-beans-3.2.4.RELEASE.jar:/home/maxito/.gradle/caches/modules-2/files-2.1/org.springframework/spring-context/3.2.4.RELEASE/4e6d5edcaeeed6cb332b90fbe3713f003d28188c/spring-context-3.2.4.RELEASE.jar:/home/maxito/.gradle/caches/modules-2/files-2.1/org.springframework/spring-expression/3.2.4.RELEASE/edde2efe828f5890f57aa153f55c5c994cf04489/spring-expression-3.2.4.RELEASE.jar:/home/maxito/.gradle/caches/modules-2/files-2.1/commons-logging/commons-logging/1.1.1/5043bfebc3db072ed80fbd362e7caf00e885d8ae/commons-logging-1.1.1.jar:/home/maxito/.gradle/caches/modules-2/files-2.1/org.springframework/spring-jdbc/3.2.4.RELEASE/b0102696b834ebd75292137c0d9348da42c6bf96/spring-jdbc-3.2.4.RELEASE.jar:/home/maxito/.gradle/caches/modules-2/files-2.1/org.springframework/spring-tx/3.2.4.RELEASE/6da00a9bc5ee808211dafc2f642129476a0d63cb/spring-tx-3.2.4.RELEASE.jar:/home/maxito/.gradle/caches/modules-2/files-2.1/commons-collections/commons-collections/3.2.1/761ea405b9b37ced573d2df0d1e3a4e0f9edc668/commons-collections-3.2.1.jar:/home/maxito/.gradle/caches/modules-2/files-2.1/antlr/antlr/2.7.7/83cd2cd674a217ade95a4bb83a8a14f351f48bd0/antlr-2.7.7.jar:/home/maxito/.gradle/caches/modules-2/files-2.1/org.jboss.spec.javax.transaction/jboss-transaction-api_1.1_spec/1.0.0.Final/2ab6236535e085d86f37fd97ddfdd35c88c1a419/jboss-transaction-api_1.1_spec-1.0.0.Final.jar:/home/maxito/.gradle/caches/modules-2/files-2.1/dom4j/dom4j/1.6.1/5d3ccc056b6f056dbf0dddfdf43894b9065a8f94/dom4j-1.6.1.jar:/home/maxito/.gradle/caches/modules-2/files-2.1/org.hibernate.javax.persistence/hibernate-jpa-2.0-api/1.0.1.Final/3306a165afa81938fc3d8a0948e891de9f6b192b/hibernate-jpa-2.0-api-1.0.1.Final.jar:/home/maxito/.gradle/caches/modules-2/files-2.1/org.jboss.logging/jboss-logging/3.1.0.CR2/28725380c07f917ace4e511db21cc45e9ae5a72b/jboss-logging-3.1.0.CR2.jar:/home/maxito/.gradle/caches/modules-2/files-2.1/org.javassist/javassist/3.15.0-GA/79907309ca4bb4e5e51d4086cc4179b2611358d7/javassist-3.15.0-GA.jar:/home/maxito/.gradle/caches/modules-2/files-2.1/org.hibernate.common/hibernate-commons-annotations/4.0.1.Final/78bcf608d997d0529be2f4f781fdc89e801c9e88/hibernate-commons-annotations-4.0.1.Final.jar:/home/maxito/.gradle/caches/modules-2/files-2.1/commons-pool/commons-pool/1.5.4/75b6e20c596ed2945a259cea26d7fadd298398e6/commons-pool-1.5.4.jar:/home/maxito/.gradle/caches/modules-2/files-2.1/xml-apis/xml-apis/1.0.b2/3136ca936f64c9d68529f048c2618bd356bf85c9/xml-apis-1.0.b2.jar, user.name=maxito, hibernate.bytecode.use_reflection_optimizer=false, hibernate.classLoader.application=sun.misc.Launcher$AppClassLoader@c8d62f, java.vm.specification.version=1.7, sun.arch.data.model=32, java.home=/home/maxito/jdk1.7.0_55/jre, sun.java.command=jarjar.org.gradle.process.internal.launcher.GradleWorkerMain, hibernate.dialect=org.hibernate.dialect.MySQL5Dialect, java.specification.vendor=Oracle Corporation, user.language=en, awt.toolkit=sun.awt.X11.XToolkit, java.vm.info=mixed mode, java.version=1.7.0_55, java.ext.dirs=/home/maxito/jdk1.7.0_55/jre/lib/ext:/usr/java/packages/lib/ext, sun.boot.class.path=/home/maxito/jdk1.7.0_55/jre/lib/resources.jar:/home/maxito/jdk1.7.0_55/jre/lib/rt.jar:/home/maxito/jdk1.7.0_55/jre/lib/sunrsasign.jar:/home/maxito/jdk1.7.0_55/jre/lib/jsse.jar:/home/maxito/jdk1.7.0_55/jre/lib/jce.jar:/home/maxito/jdk1.7.0_55/jre/lib/charsets.jar:/home/maxito/jdk1.7.0_55/jre/lib/jfr.jar:/home/maxito/jdk1.7.0_55/jre/classes, java.vendor=Oracle Corporation, org.gradle.test.worker=1, file.separator=/, java.vendor.url.bug=http://bugreport.sun.com/bugreport/, hibernate.hbm2ddl.auto=update, sun.cpu.endian=little, sun.io.unicode.encoding=UnicodeLittle, sun.cpu.isalist=}
19:12:29.743 [Test worker] DEBUG o.h.i.f.i.DefaultIdentifierGeneratorFactory - Setting dialect [org.hibernate.dialect.MySQL5Dialect]
19:12:29.744 [Test worker] DEBUG o.h.i.f.i.DefaultIdentifierGeneratorFactory - Setting dialect [org.hibernate.dialect.MySQL5Dialect]
19:12:29.744 [Test worker] DEBUG o.h.i.f.i.DefaultIdentifierGeneratorFactory - Setting dialect [org.hibernate.dialect.MySQL5Dialect]
19:12:29.904 [Test worker] DEBUG o.h.p.entity.AbstractEntityPersister - Static SQL for entity: ar.com.bgr.serrano.model.Calificativo
19:12:29.904 [Test worker] DEBUG o.h.p.entity.AbstractEntityPersister -  Version select: select id from Calificativo where id =?
19:12:29.904 [Test worker] DEBUG o.h.p.entity.AbstractEntityPersister -  Snapshot select: select calificati_.id, calificati_.name as name0_, calificati_.type as type0_ from Calificativo calificati_ where calificati_.id=?
19:12:29.904 [Test worker] DEBUG o.h.p.entity.AbstractEntityPersister -  Insert 0: insert into Calificativo (name, type, id) values (?, ?, ?)
19:12:29.905 [Test worker] DEBUG o.h.p.entity.AbstractEntityPersister -  Update 0: update Calificativo set name=?, type=? where id=?
19:12:29.905 [Test worker] DEBUG o.h.p.entity.AbstractEntityPersister -  Delete 0: delete from Calificativo where id=?
19:12:29.905 [Test worker] DEBUG o.h.p.entity.AbstractEntityPersister -  Identity insert: insert into Calificativo (name, type) values (?, ?)
19:12:29.909 [Test worker] DEBUG o.h.p.entity.AbstractEntityPersister - Static SQL for entity: ar.com.bgr.serrano.model.Etiqueta
19:12:29.909 [Test worker] DEBUG o.h.p.entity.AbstractEntityPersister -  Version select: select id from Etiqueta where id =?
19:12:29.909 [Test worker] DEBUG o.h.p.entity.AbstractEntityPersister -  Snapshot select: select etiqueta_.id, etiqueta_.name as name2_ from Etiqueta etiqueta_ where etiqueta_.id=?
19:12:29.909 [Test worker] DEBUG o.h.p.entity.AbstractEntityPersister -  Insert 0: insert into Etiqueta (name, id) values (?, ?)
19:12:29.909 [Test worker] DEBUG o.h.p.entity.AbstractEntityPersister -  Update 0: update Etiqueta set name=? where id=?
19:12:29.909 [Test worker] DEBUG o.h.p.entity.AbstractEntityPersister -  Delete 0: delete from Etiqueta where id=?
19:12:29.909 [Test worker] DEBUG o.h.p.entity.AbstractEntityPersister -  Identity insert: insert into Etiqueta (name) values (?)
19:12:29.916 [Test worker] DEBUG o.h.p.entity.AbstractEntityPersister - Static SQL for entity: ar.com.bgr.serrano.model.Contacto
19:12:29.916 [Test worker] DEBUG o.h.p.entity.AbstractEntityPersister -  Version select: select id from Contacto where id =?
19:12:29.916 [Test worker] DEBUG o.h.p.entity.AbstractEntityPersister -  Snapshot select: select contacto_.id, contacto_.blog as blog1_, contacto_.diaHoraContacto as diaHoraC3_1_, contacto_.fax as fax1_, contacto_.name as name1_, contacto_.radio as radio1_, contacto_.telefonoMovil as telefono7_1_, contacto_.webSite as webSite1_ from Contacto contacto_ where contacto_.id=?
19:12:29.916 [Test worker] DEBUG o.h.p.entity.AbstractEntityPersister -  Insert 0: insert into Contacto (blog, diaHoraContacto, fax, name, radio, telefonoMovil, webSite, id) values (?, ?, ?, ?, ?, ?, ?, ?)
19:12:29.916 [Test worker] DEBUG o.h.p.entity.AbstractEntityPersister -  Update 0: update Contacto set blog=?, diaHoraContacto=?, fax=?, name=?, radio=?, telefonoMovil=?, webSite=? where id=?
19:12:29.916 [Test worker] DEBUG o.h.p.entity.AbstractEntityPersister -  Delete 0: delete from Contacto where id=?
19:12:29.917 [Test worker] DEBUG o.h.p.entity.AbstractEntityPersister -  Identity insert: insert into Contacto (blog, diaHoraContacto, fax, name, radio, telefonoMovil, webSite) values (?, ?, ?, ?, ?, ?, ?)
19:12:29.944 [Test worker] DEBUG org.hibernate.loader.Loader - Static select for entity ar.com.bgr.serrano.model.Calificativo [NONE]: select calificati0_.id as id0_0_, calificati0_.name as name0_0_, calificati0_.type as type0_0_ from Calificativo calificati0_ where calificati0_.id=?
19:12:29.944 [Test worker] DEBUG org.hibernate.loader.Loader - Static select for entity ar.com.bgr.serrano.model.Calificativo [READ]: select calificati0_.id as id0_0_, calificati0_.name as name0_0_, calificati0_.type as type0_0_ from Calificativo calificati0_ where calificati0_.id=?
19:12:29.945 [Test worker] DEBUG org.hibernate.loader.Loader - Static select for entity ar.com.bgr.serrano.model.Calificativo [UPGRADE]: select calificati0_.id as id0_0_, calificati0_.name as name0_0_, calificati0_.type as type0_0_ from Calificativo calificati0_ where calificati0_.id=? for update
19:12:29.945 [Test worker] DEBUG org.hibernate.loader.Loader - Static select for entity ar.com.bgr.serrano.model.Calificativo [UPGRADE_NOWAIT]: select calificati0_.id as id0_0_, calificati0_.name as name0_0_, calificati0_.type as type0_0_ from Calificativo calificati0_ where calificati0_.id=? for update
19:12:29.945 [Test worker] DEBUG org.hibernate.loader.Loader - Static select for entity ar.com.bgr.serrano.model.Calificativo [FORCE]: select calificati0_.id as id0_0_, calificati0_.name as name0_0_, calificati0_.type as type0_0_ from Calificativo calificati0_ where calificati0_.id=? for update
19:12:29.946 [Test worker] DEBUG org.hibernate.loader.Loader - Static select for entity ar.com.bgr.serrano.model.Calificativo [PESSIMISTIC_READ]: select calificati0_.id as id0_0_, calificati0_.name as name0_0_, calificati0_.type as type0_0_ from Calificativo calificati0_ where calificati0_.id=? lock in share mode
19:12:29.946 [Test worker] DEBUG org.hibernate.loader.Loader - Static select for entity ar.com.bgr.serrano.model.Calificativo [PESSIMISTIC_WRITE]: select calificati0_.id as id0_0_, calificati0_.name as name0_0_, calificati0_.type as type0_0_ from Calificativo calificati0_ where calificati0_.id=? for update
19:12:29.946 [Test worker] DEBUG org.hibernate.loader.Loader - Static select for entity ar.com.bgr.serrano.model.Calificativo [PESSIMISTIC_FORCE_INCREMENT]: select calificati0_.id as id0_0_, calificati0_.name as name0_0_, calificati0_.type as type0_0_ from Calificativo calificati0_ where calificati0_.id=? for update
19:12:29.946 [Test worker] DEBUG org.hibernate.loader.Loader - Static select for entity ar.com.bgr.serrano.model.Calificativo [OPTIMISTIC]: select calificati0_.id as id0_0_, calificati0_.name as name0_0_, calificati0_.type as type0_0_ from Calificativo calificati0_ where calificati0_.id=?
19:12:29.947 [Test worker] DEBUG org.hibernate.loader.Loader - Static select for entity ar.com.bgr.serrano.model.Calificativo [OPTIMISTIC_FORCE_INCREMENT]: select calificati0_.id as id0_0_, calificati0_.name as name0_0_, calificati0_.type as type0_0_ from Calificativo calificati0_ where calificati0_.id=?
19:12:29.955 [Test worker] DEBUG org.hibernate.loader.Loader - Static select for action ACTION_MERGE on entity ar.com.bgr.serrano.model.Calificativo: select calificati0_.id as id0_0_, calificati0_.name as name0_0_, calificati0_.type as type0_0_ from Calificativo calificati0_ where calificati0_.id=?
19:12:29.956 [Test worker] DEBUG org.hibernate.loader.Loader - Static select for action ACTION_REFRESH on entity ar.com.bgr.serrano.model.Calificativo: select calificati0_.id as id0_0_, calificati0_.name as name0_0_, calificati0_.type as type0_0_ from Calificativo calificati0_ where calificati0_.id=?
19:12:29.956 [Test worker] DEBUG org.hibernate.loader.Loader - Static select for entity ar.com.bgr.serrano.model.Etiqueta [NONE]: select etiqueta0_.id as id2_0_, etiqueta0_.name as name2_0_ from Etiqueta etiqueta0_ where etiqueta0_.id=?
19:12:29.956 [Test worker] DEBUG org.hibernate.loader.Loader - Static select for entity ar.com.bgr.serrano.model.Etiqueta [READ]: select etiqueta0_.id as id2_0_, etiqueta0_.name as name2_0_ from Etiqueta etiqueta0_ where etiqueta0_.id=?
19:12:29.957 [Test worker] DEBUG org.hibernate.loader.Loader - Static select for entity ar.com.bgr.serrano.model.Etiqueta [UPGRADE]: select etiqueta0_.id as id2_0_, etiqueta0_.name as name2_0_ from Etiqueta etiqueta0_ where etiqueta0_.id=? for update
19:12:29.957 [Test worker] DEBUG org.hibernate.loader.Loader - Static select for entity ar.com.bgr.serrano.model.Etiqueta [UPGRADE_NOWAIT]: select etiqueta0_.id as id2_0_, etiqueta0_.name as name2_0_ from Etiqueta etiqueta0_ where etiqueta0_.id=? for update
19:12:29.957 [Test worker] DEBUG org.hibernate.loader.Loader - Static select for entity ar.com.bgr.serrano.model.Etiqueta [FORCE]: select etiqueta0_.id as id2_0_, etiqueta0_.name as name2_0_ from Etiqueta etiqueta0_ where etiqueta0_.id=? for update
19:12:29.957 [Test worker] DEBUG org.hibernate.loader.Loader - Static select for entity ar.com.bgr.serrano.model.Etiqueta [PESSIMISTIC_READ]: select etiqueta0_.id as id2_0_, etiqueta0_.name as name2_0_ from Etiqueta etiqueta0_ where etiqueta0_.id=? lock in share mode
19:12:29.958 [Test worker] DEBUG org.hibernate.loader.Loader - Static select for entity ar.com.bgr.serrano.model.Etiqueta [PESSIMISTIC_WRITE]: select etiqueta0_.id as id2_0_, etiqueta0_.name as name2_0_ from Etiqueta etiqueta0_ where etiqueta0_.id=? for update
19:12:29.958 [Test worker] DEBUG org.hibernate.loader.Loader - Static select for entity ar.com.bgr.serrano.model.Etiqueta [PESSIMISTIC_FORCE_INCREMENT]: select etiqueta0_.id as id2_0_, etiqueta0_.name as name2_0_ from Etiqueta etiqueta0_ where etiqueta0_.id=? for update
19:12:29.958 [Test worker] DEBUG org.hibernate.loader.Loader - Static select for entity ar.com.bgr.serrano.model.Etiqueta [OPTIMISTIC]: select etiqueta0_.id as id2_0_, etiqueta0_.name as name2_0_ from Etiqueta etiqueta0_ where etiqueta0_.id=?
19:12:29.958 [Test worker] DEBUG org.hibernate.loader.Loader - Static select for entity ar.com.bgr.serrano.model.Etiqueta [OPTIMISTIC_FORCE_INCREMENT]: select etiqueta0_.id as id2_0_, etiqueta0_.name as name2_0_ from Etiqueta etiqueta0_ where etiqueta0_.id=?
19:12:29.959 [Test worker] DEBUG org.hibernate.loader.Loader - Static select for action ACTION_MERGE on entity ar.com.bgr.serrano.model.Etiqueta: select etiqueta0_.id as id2_0_, etiqueta0_.name as name2_0_ from Etiqueta etiqueta0_ where etiqueta0_.id=?
19:12:29.959 [Test worker] DEBUG org.hibernate.loader.Loader - Static select for action ACTION_REFRESH on entity ar.com.bgr.serrano.model.Etiqueta: select etiqueta0_.id as id2_0_, etiqueta0_.name as name2_0_ from Etiqueta etiqueta0_ where etiqueta0_.id=?
19:12:29.959 [Test worker] DEBUG org.hibernate.loader.Loader - Static select for entity ar.com.bgr.serrano.model.Contacto [NONE]: select contacto0_.id as id1_0_, contacto0_.blog as blog1_0_, contacto0_.diaHoraContacto as diaHoraC3_1_0_, contacto0_.fax as fax1_0_, contacto0_.name as name1_0_, contacto0_.radio as radio1_0_, contacto0_.telefonoMovil as telefono7_1_0_, contacto0_.webSite as webSite1_0_ from Contacto contacto0_ where contacto0_.id=?
19:12:29.960 [Test worker] DEBUG org.hibernate.loader.Loader - Static select for entity ar.com.bgr.serrano.model.Contacto [READ]: select contacto0_.id as id1_0_, contacto0_.blog as blog1_0_, contacto0_.diaHoraContacto as diaHoraC3_1_0_, contacto0_.fax as fax1_0_, contacto0_.name as name1_0_, contacto0_.radio as radio1_0_, contacto0_.telefonoMovil as telefono7_1_0_, contacto0_.webSite as webSite1_0_ from Contacto contacto0_ where contacto0_.id=?
19:12:29.960 [Test worker] DEBUG org.hibernate.loader.Loader - Static select for entity ar.com.bgr.serrano.model.Contacto [UPGRADE]: select contacto0_.id as id1_0_, contacto0_.blog as blog1_0_, contacto0_.diaHoraContacto as diaHoraC3_1_0_, contacto0_.fax as fax1_0_, contacto0_.name as name1_0_, contacto0_.radio as radio1_0_, contacto0_.telefonoMovil as telefono7_1_0_, contacto0_.webSite as webSite1_0_ from Contacto contacto0_ where contacto0_.id=? for update
19:12:29.960 [Test worker] DEBUG org.hibernate.loader.Loader - Static select for entity ar.com.bgr.serrano.model.Contacto [UPGRADE_NOWAIT]: select contacto0_.id as id1_0_, contacto0_.blog as blog1_0_, contacto0_.diaHoraContacto as diaHoraC3_1_0_, contacto0_.fax as fax1_0_, contacto0_.name as name1_0_, contacto0_.radio as radio1_0_, contacto0_.telefonoMovil as telefono7_1_0_, contacto0_.webSite as webSite1_0_ from Contacto contacto0_ where contacto0_.id=? for update
19:12:29.961 [Test worker] DEBUG org.hibernate.loader.Loader - Static select for entity ar.com.bgr.serrano.model.Contacto [FORCE]: select contacto0_.id as id1_0_, contacto0_.blog as blog1_0_, contacto0_.diaHoraContacto as diaHoraC3_1_0_, contacto0_.fax as fax1_0_, contacto0_.name as name1_0_, contacto0_.radio as radio1_0_, contacto0_.telefonoMovil as telefono7_1_0_, contacto0_.webSite as webSite1_0_ from Contacto contacto0_ where contacto0_.id=? for update
19:12:29.961 [Test worker] DEBUG org.hibernate.loader.Loader - Static select for entity ar.com.bgr.serrano.model.Contacto [PESSIMISTIC_READ]: select contacto0_.id as id1_0_, contacto0_.blog as blog1_0_, contacto0_.diaHoraContacto as diaHoraC3_1_0_, contacto0_.fax as fax1_0_, contacto0_.name as name1_0_, contacto0_.radio as radio1_0_, contacto0_.telefonoMovil as telefono7_1_0_, contacto0_.webSite as webSite1_0_ from Contacto contacto0_ where contacto0_.id=? lock in share mode
19:12:29.961 [Test worker] DEBUG org.hibernate.loader.Loader - Static select for entity ar.com.bgr.serrano.model.Contacto [PESSIMISTIC_WRITE]: select contacto0_.id as id1_0_, contacto0_.blog as blog1_0_, contacto0_.diaHoraContacto as diaHoraC3_1_0_, contacto0_.fax as fax1_0_, contacto0_.name as name1_0_, contacto0_.radio as radio1_0_, contacto0_.telefonoMovil as telefono7_1_0_, contacto0_.webSite as webSite1_0_ from Contacto contacto0_ where contacto0_.id=? for update
19:12:29.962 [Test worker] DEBUG org.hibernate.loader.Loader - Static select for entity ar.com.bgr.serrano.model.Contacto [PESSIMISTIC_FORCE_INCREMENT]: select contacto0_.id as id1_0_, contacto0_.blog as blog1_0_, contacto0_.diaHoraContacto as diaHoraC3_1_0_, contacto0_.fax as fax1_0_, contacto0_.name as name1_0_, contacto0_.radio as radio1_0_, contacto0_.telefonoMovil as telefono7_1_0_, contacto0_.webSite as webSite1_0_ from Contacto contacto0_ where contacto0_.id=? for update
19:12:29.962 [Test worker] DEBUG org.hibernate.loader.Loader - Static select for entity ar.com.bgr.serrano.model.Contacto [OPTIMISTIC]: select contacto0_.id as id1_0_, contacto0_.blog as blog1_0_, contacto0_.diaHoraContacto as diaHoraC3_1_0_, contacto0_.fax as fax1_0_, contacto0_.name as name1_0_, contacto0_.radio as radio1_0_, contacto0_.telefonoMovil as telefono7_1_0_, contacto0_.webSite as webSite1_0_ from Contacto contacto0_ where contacto0_.id=?
19:12:29.962 [Test worker] DEBUG org.hibernate.loader.Loader - Static select for entity ar.com.bgr.serrano.model.Contacto [OPTIMISTIC_FORCE_INCREMENT]: select contacto0_.id as id1_0_, contacto0_.blog as blog1_0_, contacto0_.diaHoraContacto as diaHoraC3_1_0_, contacto0_.fax as fax1_0_, contacto0_.name as name1_0_, contacto0_.radio as radio1_0_, contacto0_.telefonoMovil as telefono7_1_0_, contacto0_.webSite as webSite1_0_ from Contacto contacto0_ where contacto0_.id=?
19:12:29.963 [Test worker] DEBUG org.hibernate.loader.Loader - Static select for action ACTION_MERGE on entity ar.com.bgr.serrano.model.Contacto: select contacto0_.id as id1_0_, contacto0_.blog as blog1_0_, contacto0_.diaHoraContacto as diaHoraC3_1_0_, contacto0_.fax as fax1_0_, contacto0_.name as name1_0_, contacto0_.radio as radio1_0_, contacto0_.telefonoMovil as telefono7_1_0_, contacto0_.webSite as webSite1_0_ from Contacto contacto0_ where contacto0_.id=?
19:12:29.963 [Test worker] DEBUG org.hibernate.loader.Loader - Static select for action ACTION_REFRESH on entity ar.com.bgr.serrano.model.Contacto: select contacto0_.id as id1_0_, contacto0_.blog as blog1_0_, contacto0_.diaHoraContacto as diaHoraC3_1_0_, contacto0_.fax as fax1_0_, contacto0_.name as name1_0_, contacto0_.radio as radio1_0_, contacto0_.telefonoMovil as telefono7_1_0_, contacto0_.webSite as webSite1_0_ from Contacto contacto0_ where contacto0_.id=?
19:12:29.966 [Test worker] DEBUG o.h.internal.SessionFactoryRegistry - Initializing SessionFactoryRegistry : org.hibernate.internal.SessionFactoryRegistry@1eb6bba
19:12:29.967 [Test worker] DEBUG o.h.internal.SessionFactoryRegistry - Registering SessionFactory: de68f918-ea5e-4cbf-80e6-de4e56c44935 (<unnamed>)
19:12:29.967 [Test worker] DEBUG o.h.internal.SessionFactoryRegistry - Not binding SessionFactory to JNDI, no JNDI name configured
19:12:29.967 [Test worker] DEBUG o.h.internal.SessionFactoryImpl - Instantiated session factory
19:12:29.974 [Test worker] INFO  o.h.tool.hbm2ddl.SchemaUpdate - HHH000228: Running hbm2ddl schema update
19:12:29.975 [Test worker] INFO  o.h.tool.hbm2ddl.SchemaUpdate - HHH000102: Fetching database metadata
19:12:29.979 [Test worker] INFO  o.h.tool.hbm2ddl.SchemaUpdate - HHH000396: Updating schema
19:12:29.979 [Test worker] DEBUG org.hibernate.cfg.Configuration - Processing hbm.xml files
19:12:29.979 [Test worker] DEBUG org.hibernate.cfg.Configuration - Process annotated classes
19:12:29.979 [Test worker] DEBUG org.hibernate.cfg.Configuration - Processing fk mappings (*ToOne and JoinedSubclass)
19:12:29.980 [Test worker] DEBUG org.hibernate.cfg.Configuration - Processing extends queue
19:12:29.980 [Test worker] DEBUG org.hibernate.cfg.Configuration - Processing extends queue
19:12:29.980 [Test worker] DEBUG org.hibernate.cfg.Configuration - Processing collection mappings
19:12:29.980 [Test worker] DEBUG org.hibernate.cfg.Configuration - Processing native query and ResultSetMapping mappings
19:12:29.980 [Test worker] DEBUG org.hibernate.cfg.Configuration - Processing association property references
19:12:29.980 [Test worker] DEBUG org.hibernate.cfg.Configuration - Processing foreign key constraints
19:12:30.002 [Test worker] INFO  o.h.tool.hbm2ddl.TableMetadata - HHH000261: Table found: DB_DESA.Calificativo
19:12:30.002 [Test worker] INFO  o.h.tool.hbm2ddl.TableMetadata - HHH000037: Columns: [id, name, type]
19:12:30.002 [Test worker] INFO  o.h.tool.hbm2ddl.TableMetadata - HHH000108: Foreign keys: []
19:12:30.002 [Test worker] INFO  o.h.tool.hbm2ddl.TableMetadata - HHH000126: Indexes: [primary]
19:12:30.010 [Test worker] INFO  o.h.tool.hbm2ddl.TableMetadata - HHH000261: Table found: DB_DESA.Contacto
19:12:30.011 [Test worker] INFO  o.h.tool.hbm2ddl.TableMetadata - HHH000037: Columns: [id, fax, website, name, diahoracontacto, radio, telefonomovil, blog]
19:12:30.011 [Test worker] INFO  o.h.tool.hbm2ddl.TableMetadata - HHH000108: Foreign keys: []
19:12:30.011 [Test worker] INFO  o.h.tool.hbm2ddl.TableMetadata - HHH000126: Indexes: [primary]
19:12:30.018 [Test worker] INFO  o.h.tool.hbm2ddl.TableMetadata - HHH000261: Table found: DB_DESA.Etiqueta
19:12:30.018 [Test worker] INFO  o.h.tool.hbm2ddl.TableMetadata - HHH000037: Columns: [id, name]
19:12:30.018 [Test worker] INFO  o.h.tool.hbm2ddl.TableMetadata - HHH000108: Foreign keys: []
19:12:30.019 [Test worker] INFO  o.h.tool.hbm2ddl.TableMetadata - HHH000126: Indexes: [primary]
19:12:30.019 [Test worker] DEBUG o.h.i.f.i.DefaultIdentifierGeneratorFactory - Setting dialect [org.hibernate.dialect.MySQL5Dialect]
19:12:30.020 [Test worker] DEBUG o.h.i.f.i.DefaultIdentifierGeneratorFactory - Setting dialect [org.hibernate.dialect.MySQL5Dialect]
19:12:30.020 [Test worker] DEBUG o.h.i.f.i.DefaultIdentifierGeneratorFactory - Setting dialect [org.hibernate.dialect.MySQL5Dialect]
19:12:30.020 [Test worker] INFO  o.h.tool.hbm2ddl.SchemaUpdate - HHH000232: Schema update complete
19:12:30.022 [Test worker] DEBUG o.h.internal.SessionFactoryImpl - Checking 0 named HQL queries
19:12:30.022 [Test worker] DEBUG o.h.internal.SessionFactoryImpl - Checking 0 named SQL queries
19:12:30.029 [Test worker] DEBUG o.h.s.internal.StatisticsInitiator - Statistics initialized [enabled=false]
]]></system-out>
  <system-err><![CDATA[May 30, 2014 7:12:27 PM org.springframework.beans.factory.xml.XmlBeanDefinitionReader loadBeanDefinitions
INFO: Loading XML bean definitions from class path resource [applicationContext.xml]
May 30, 2014 7:12:27 PM org.springframework.beans.factory.xml.XmlBeanDefinitionReader loadBeanDefinitions
INFO: Loading XML bean definitions from class path resource [hibernate-cfg.xml]
May 30, 2014 7:12:27 PM org.springframework.context.support.AbstractApplicationContext prepareRefresh
INFO: Refreshing org.springframework.context.support.GenericApplicationContext@355d3a: startup date [Fri May 30 19:12:27 ART 2014]; root of context hierarchy
May 30, 2014 7:12:28 PM org.springframework.core.io.support.PropertiesLoaderSupport loadProperties
INFO: Loading properties file from class path resource [database.properties]
May 30, 2014 7:12:28 PM org.springframework.context.support.AbstractApplicationContext$BeanPostProcessorChecker postProcessAfterInitialization
INFO: Bean 'dataSource' of type [class org.apache.commons.dbcp.BasicDataSource] is not eligible for getting processed by all BeanPostProcessors (for example: not eligible for auto-proxying)
May 30, 2014 7:12:30 PM org.springframework.context.support.AbstractApplicationContext$BeanPostProcessorChecker postProcessAfterInitialization
INFO: Bean 'sessionFactory' of type [class org.springframework.orm.hibernate4.LocalSessionFactoryBean] is not eligible for getting processed by all BeanPostProcessors (for example: not eligible for auto-proxying)
May 30, 2014 7:12:30 PM org.springframework.beans.factory.support.DefaultListableBeanFactory preInstantiateSingletons
INFO: Pre-instantiating singletons in org.springframework.beans.factory.support.DefaultListableBeanFactory@30e551: defining beans [etiquetaGetallHandler,etiquetaRemoveHandler,etiquetaSaveOrUpdateHandler,calificativoGetallHandler,calificativoRemoveHandler,calificativoSaveOrUpdateHandler,versionHandler,contactoSaveOrUpdateHandler,contactoRemoveHandler,contactoGetallHandler,org.springframework.context.annotation.internalConfigurationAnnotationProcessor,org.springframework.context.annotation.internalAutowiredAnnotationProcessor,org.springframework.context.annotation.internalRequiredAnnotationProcessor,org.springframework.context.annotation.internalCommonAnnotationProcessor,org.springframework.context.annotation.internalPersistenceAnnotationProcessor,etiquetaDao,contactoDao,calificativoDao,calificativoService,etiquetaService,contactoService,mvcContentNegotiationManager,org.springframework.web.servlet.mvc.method.annotation.RequestMappingHandlerMapping#0,org.springframework.format.support.FormattingConversionServiceFactoryBean#0,org.springframework.web.servlet.mvc.method.annotation.RequestMappingHandlerAdapter#0,org.springframework.web.servlet.handler.MappedInterceptor#0,org.springframework.web.servlet.mvc.method.annotation.ExceptionHandlerExceptionResolver#0,org.springframework.web.servlet.mvc.annotation.ResponseStatusExceptionResolver#0,org.springframework.web.servlet.mvc.support.DefaultHandlerExceptionResolver#0,org.springframework.web.servlet.handler.BeanNameUrlHandlerMapping,org.springframework.web.servlet.mvc.HttpRequestHandlerAdapter,org.springframework.web.servlet.mvc.SimpleControllerHandlerAdapter,org.springframework.aop.config.internalAutoProxyCreator,org.springframework.transaction.annotation.AnnotationTransactionAttributeSource#0,org.springframework.transaction.interceptor.TransactionInterceptor#0,org.springframework.transaction.config.internalTransactionAdvisor,org.springframework.beans.factory.config.PropertyPlaceholderConfigurer#0,sessionFactory,dataSource,transactionManager,persistenceExceptionTranslationPostProcessor,org.springframework.context.annotation.ConfigurationClassPostProcessor.importAwareProcessor]; root of factory hierarchy
May 30, 2014 7:12:30 PM org.springframework.web.servlet.handler.AbstractHandlerMethodMapping registerHandlerMethod
INFO: Mapped "{[/etiqueta/list],methods=[GET],params=[],headers=[],consumes=[],produces=[],custom=[]}" onto public java.util.List<ar.com.bgr.serrano.model.Etiqueta> ar.com.bgr.serrano.controller.etiqueta.EtiquetaGetallHandler.getAll()
May 30, 2014 7:12:30 PM org.springframework.web.servlet.handler.AbstractHandlerMethodMapping registerHandlerMethod
INFO: Mapped "{[/etiqueta/remove],methods=[DELETE],params=[],headers=[],consumes=[],produces=[],custom=[]}" onto public java.lang.Boolean ar.com.bgr.serrano.controller.etiqueta.EtiquetaRemoveHandler.execute(org.springframework.util.MultiValueMap<java.lang.String, java.lang.String>)
May 30, 2014 7:12:30 PM org.springframework.web.servlet.handler.AbstractHandlerMethodMapping registerHandlerMethod
INFO: Mapped "{[/etiqueta/save],methods=[POST],params=[],headers=[],consumes=[],produces=[],custom=[]}" onto public ar.com.bgr.serrano.model.Etiqueta ar.com.bgr.serrano.controller.etiqueta.EtiquetaSaveOrUpdateHandler.execute(org.springframework.util.MultiValueMap<java.lang.String, java.lang.String>)
May 30, 2014 7:12:30 PM org.springframework.web.servlet.handler.AbstractHandlerMethodMapping registerHandlerMethod
INFO: Mapped "{[/calificativo/list],methods=[GET],params=[],headers=[],consumes=[],produces=[],custom=[]}" onto public java.util.List<ar.com.bgr.serrano.model.Calificativo> ar.com.bgr.serrano.controller.calificativo.CalificativoGetallHandler.execute()
May 30, 2014 7:12:30 PM org.springframework.web.servlet.handler.AbstractHandlerMethodMapping registerHandlerMethod
INFO: Mapped "{[/calificativo/remove],methods=[DELETE],params=[],headers=[],consumes=[],produces=[],custom=[]}" onto public java.lang.Boolean ar.com.bgr.serrano.controller.calificativo.CalificativoRemoveHandler.execute(org.springframework.util.MultiValueMap<java.lang.String, java.lang.String>)
May 30, 2014 7:12:30 PM org.springframework.web.servlet.handler.AbstractHandlerMethodMapping registerHandlerMethod
INFO: Mapped "{[/calificativo/save],methods=[POST],params=[],headers=[],consumes=[],produces=[],custom=[]}" onto public ar.com.bgr.serrano.model.Calificativo ar.com.bgr.serrano.controller.calificativo.CalificativoSaveOrUpdateHandler.execute(org.springframework.util.MultiValueMap<java.lang.String, java.lang.String>)
May 30, 2014 7:12:30 PM org.springframework.web.servlet.handler.AbstractHandlerMethodMapping registerHandlerMethod
INFO: Mapped "{[/],methods=[GET],params=[],headers=[],consumes=[],produces=[],custom=[]}" onto public java.lang.String ar.com.bgr.serrano.controller.version.VersionHandler.getVersion()
May 30, 2014 7:12:30 PM org.springframework.web.servlet.handler.AbstractHandlerMethodMapping registerHandlerMethod
INFO: Mapped "{[/contacto/save],methods=[POST],params=[],headers=[],consumes=[],produces=[],custom=[]}" onto public ar.com.bgr.serrano.model.Contacto ar.com.bgr.serrano.controller.contacto.ContactoSaveOrUpdateHandler.execute(org.springframework.util.MultiValueMap<java.lang.String, java.lang.String>)
May 30, 2014 7:12:30 PM org.springframework.web.servlet.handler.AbstractHandlerMethodMapping registerHandlerMethod
INFO: Mapped "{[/contacto/remove],methods=[DELETE],params=[],headers=[],consumes=[],produces=[],custom=[]}" onto public java.lang.Boolean ar.com.bgr.serrano.controller.contacto.ContactoRemoveHandler.execute(org.springframework.util.MultiValueMap<java.lang.String, java.lang.String>)
May 30, 2014 7:12:30 PM org.springframework.web.servlet.handler.AbstractHandlerMethodMapping registerHandlerMethod
INFO: Mapped "{[/contacto/list],methods=[GET],params=[],headers=[],consumes=[],produces=[],custom=[]}" onto public java.util.List<ar.com.bgr.serrano.model.Contacto> ar.com.bgr.serrano.controller.contacto.ContactoGetallHandler.execute()
May 30, 2014 7:12:31 PM org.springframework.orm.hibernate4.HibernateTransactionManager afterPropertiesSet
INFO: Using DataSource [org.apache.commons.dbcp.BasicDataSource@193720d] of Hibernate SessionFactory for HibernateTransactionManager
]]></system-err>
</testsuite>
